d:\oop_c++\lab_4\shapes\shapes\shapes\x64\release\vc142.pdb
d:\oop_c++\lab_4\shapes\shapes\shapes\x64\release\tests.obj
d:\oop_c++\lab_4\shapes\shapes\shapes\x64\release\shapesprocessor.obj
d:\oop_c++\lab_4\shapes\shapes\shapes\x64\release\main.obj
d:\oop_c++\lab_4\shapes\shapes\shapes\x64\release\ctriangle.obj
d:\oop_c++\lab_4\shapes\shapes\shapes\x64\release\crectangle.obj
d:\oop_c++\lab_4\shapes\shapes\shapes\x64\release\cpoint.obj
d:\oop_c++\lab_4\shapes\shapes\shapes\x64\release\clinesegment.obj
d:\oop_c++\lab_4\shapes\shapes\shapes\x64\release\ccircle.obj
d:\oop_c++\lab_4\shapes\shapes\x64\release\shapes.exe
d:\oop_c++\lab_4\shapes\shapes\x64\release\shapes.pdb
d:\oop_c++\lab_4\shapes\shapes\x64\release\shapes.ipdb
d:\oop_c++\lab_4\shapes\shapes\x64\release\shapes.iobj
d:\oop_c++\lab_4\shapes\shapes\shapes\x64\release\shapes.tlog\cl.command.1.tlog
d:\oop_c++\lab_4\shapes\shapes\shapes\x64\release\shapes.tlog\cl.read.1.tlog
d:\oop_c++\lab_4\shapes\shapes\shapes\x64\release\shapes.tlog\cl.write.1.tlog
d:\oop_c++\lab_4\shapes\shapes\shapes\x64\release\shapes.tlog\link.command.1.tlog
d:\oop_c++\lab_4\shapes\shapes\shapes\x64\release\shapes.tlog\link.delete.1.tlog
d:\oop_c++\lab_4\shapes\shapes\shapes\x64\release\shapes.tlog\link.read.1.tlog
d:\oop_c++\lab_4\shapes\shapes\shapes\x64\release\shapes.tlog\link.write.1.tlog
d:\oop_c++\lab_4\shapes\shapes\shapes\x64\release\shapes.tlog\shapes.write.1u.tlog
